<?xml version="1.0" encoding="UTF-8"?>
<!-- Generated by org.testng.reporters.JUnitReportReporter -->
<testsuite hostname="Num30-PC" name="demo.selenium.LoginVerify" tests="1" failures="0" timestamp="4 Mar 2016 09:12:04 GMT" time="20.631" errors="0">
  <testcase name="VerifyLogin" time="20.631" classname="demo.selenium.LoginVerify"/>
</testsuite> <!-- demo.selenium.LoginVerify -->
